[    0.000000] Linux version 4.15.0-74-generic (buildd@lcy01-amd64-022) (gcc version 7.4.0 (Ubuntu 7.4.0-1ubuntu1~18.04.1)) #84-Ubuntu SMP Thu Dec 19 08:06:28 UTC 2019 (Ubuntu 4.15.0-74.84-generic 4.15.18)
[    0.000000] Command line: BOOT_IMAGE=/boot/vmlinuz-4.15.0-74-generic root=LABEL=cloudimg-rootfs ro console=tty1 console=ttyS0
[    0.000000] KERNEL supported cpus:
[    0.000000]   Intel GenuineIntel
[    0.000000]   AMD AuthenticAMD
[    0.000000]   Centaur CentaurHauls
[    0.000000] x86/fpu: Supporting XSAVE feature 0x001: 'x87 floating point registers'
[    0.000000] x86/fpu: Supporting XSAVE feature 0x002: 'SSE registers'
[    0.000000] x86/fpu: Supporting XSAVE feature 0x004: 'AVX registers'
[    0.000000] x86/fpu: xstate_offset[2]:  576, xstate_sizes[2]:  256
[    0.000000] x86/fpu: Enabled xstate features 0x7, context size is 832 bytes, using 'standard' format.
[    0.000000] e820: BIOS-provided physical RAM map:
[    0.000000] BIOS-e820: [mem 0x0000000000000000-0x000000000009fbff] usable
[    0.000000] BIOS-e820: [mem 0x000000000009fc00-0x000000000009ffff] reserved
[    0.000000] BIOS-e820: [mem 0x00000000000f0000-0x00000000000fffff] reserved
[    0.000000] BIOS-e820: [mem 0x0000000000100000-0x000000003ffeffff] usable
[    0.000000] BIOS-e820: [mem 0x000000003fff0000-0x000000003fffffff] ACPI data
[    0.000000] BIOS-e820: [mem 0x00000000fec00000-0x00000000fec00fff] reserved
[    0.000000] BIOS-e820: [mem 0x00000000fee00000-0x00000000fee00fff] reserved
[    0.000000] BIOS-e820: [mem 0x00000000fffc0000-0x00000000ffffffff] reserved
[    0.000000] NX (Execute Disable) protection: active
[    0.000000] SMBIOS 2.5 present.
[    0.000000] DMI: innotek GmbH VirtualBox/VirtualBox, BIOS VirtualBox 12/01/2006
[    0.000000] Hypervisor detected: KVM
[    0.000000] e820: last_pfn = 0x3fff0 max_arch_pfn = 0x400000000
[    0.000000] MTRR: Disabled
[    0.000000] x86/PAT: MTRRs disabled, skipping PAT initialization too.
[    0.000000] CPU MTRRs all blank - virtualized system.
[    0.000000] x86/PAT: Configuration [0-7]: WB  WT  UC- UC  WB  WT  UC- UC  
[    0.000000] found SMP MP-table at [mem 0x0009fff0-0x0009ffff]
[    0.000000] Scanning 1 areas for low memory corruption
[    0.000000] RAMDISK: [mem 0x3595d000-0x36ca5fff]
[    0.000000] ACPI: Early table checksum verification disabled
[    0.000000] ACPI: RSDP 0x00000000000E0000 000024 (v02 VBOX  )
[    0.000000] ACPI: XSDT 0x000000003FFF0030 00003C (v01 VBOX   VBOXXSDT 00000001 ASL  00000061)
[    0.000000] ACPI: FACP 0x000000003FFF00F0 0000F4 (v04 VBOX   VBOXFACP 00000001 ASL  00000061)
[    0.000000] ACPI: DSDT 0x000000003FFF0470 0022EA (v02 VBOX   VBOXBIOS 00000002 INTL 20100528)
[    0.000000] ACPI: FACS 0x000000003FFF0200 000040
[    0.000000] ACPI: FACS 0x000000003FFF0200 000040
[    0.000000] ACPI: APIC 0x000000003FFF0240 00005C (v02 VBOX   VBOXAPIC 00000001 ASL  00000061)
[    0.000000] ACPI: SSDT 0x000000003FFF02A0 0001CC (v01 VBOX   VBOXCPUT 00000002 INTL 20100528)
[    0.000000] No NUMA configuration found
[    0.000000] Faking a node at [mem 0x0000000000000000-0x000000003ffeffff]
[    0.000000] NODE_DATA(0) allocated [mem 0x3ffc5000-0x3ffeffff]
[    0.000000] kvm-clock: cpu 0, msr 0:3ff44001, primary cpu clock
[    0.000000] kvm-clock: Using msrs 4b564d01 and 4b564d00
[    0.000000] kvm-clock: using sched offset of 6103632151 cycles
[    0.000000] clocksource: kvm-clock: mask: 0xffffffffffffffff max_cycles: 0x1cd42e4dffb, max_idle_ns: 881590591483 ns
[    0.000000] Zone ranges:
[    0.000000]   DMA      [mem 0x0000000000001000-0x0000000000ffffff]
[    0.000000]   DMA32    [mem 0x0000000001000000-0x000000003ffeffff]
[    0.000000]   Normal   empty
[    0.000000]   Device   empty
[    0.000000] Movable zone start for each node
[    0.000000] Early memory node ranges
[    0.000000]   node   0: [mem 0x0000000000001000-0x000000000009efff]
[    0.000000]   node   0: [mem 0x0000000000100000-0x000000003ffeffff]
[    0.000000] Reserved but unavailable: 98 pages
[    0.000000] Initmem setup node 0 [mem 0x0000000000001000-0x000000003ffeffff]
[    0.000000] ACPI: PM-Timer IO Port: 0x4008
[    0.000000] IOAPIC[0]: apic_id 2, version 32, address 0xfec00000, GSI 0-23
[    0.000000] ACPI: INT_SRC_OVR (bus 0 bus_irq 0 global_irq 2 dfl dfl)
[    0.000000] ACPI: INT_SRC_OVR (bus 0 bus_irq 9 global_irq 9 low level)
[    0.000000] Using ACPI (MADT) for SMP configuration information
[    0.000000] smpboot: Allowing 2 CPUs, 0 hotplug CPUs
[    0.000000] PM: Registered nosave memory: [mem 0x00000000-0x00000fff]
[    0.000000] PM: Registered nosave memory: [mem 0x0009f000-0x0009ffff]
[    0.000000] PM: Registered nosave memory: [mem 0x000a0000-0x000effff]
[    0.000000] PM: Registered nosave memory: [mem 0x000f0000-0x000fffff]
[    0.000000] e820: [mem 0x40000000-0xfebfffff] available for PCI devices
[    0.000000] Booting paravirtualized kernel on KVM
[    0.000000] clocksource: refined-jiffies: mask: 0xffffffff max_cycles: 0xffffffff, max_idle_ns: 7645519600211568 ns
[    0.000000] random: get_random_bytes called from start_kernel+0x99/0x4fd with crng_init=0
[    0.000000] setup_percpu: NR_CPUS:8192 nr_cpumask_bits:2 nr_cpu_ids:2 nr_node_ids:1
[    0.000000] percpu: Embedded 45 pages/cpu s147456 r8192 d28672 u1048576
[    0.000000] PV qspinlock hash table entries: 256 (order: 0, 4096 bytes)
[    0.000000] Built 1 zonelists, mobility grouping on.  Total pages: 257913
[    0.000000] Policy zone: DMA32
[    0.000000] Kernel command line: BOOT_IMAGE=/boot/vmlinuz-4.15.0-74-generic root=LABEL=cloudimg-rootfs ro console=tty1 console=ttyS0
[    0.000000] Memory: 982532K/1048120K available (12300K kernel code, 2481K rwdata, 4260K rodata, 2428K init, 2704K bss, 65588K reserved, 0K cma-reserved)
[    0.000000] SLUB: HWalign=64, Order=0-3, MinObjects=0, CPUs=2, Nodes=1
[    0.000000] Kernel/User page tables isolation: enabled
[    0.000000] ftrace: allocating 39322 entries in 154 pages
[    0.004000] Hierarchical RCU implementation.
[    0.004000] 	RCU restricting CPUs from NR_CPUS=8192 to nr_cpu_ids=2.
[    0.004000] 	Tasks RCU enabled.
[    0.004000] RCU: Adjusting geometry for rcu_fanout_leaf=16, nr_cpu_ids=2
[    0.004000] NR_IRQS: 524544, nr_irqs: 440, preallocated irqs: 16
[    0.004000] Console: colour VGA+ 80x25
[    0.004000] console [tty1] enabled
[    0.004000] console [ttyS0] enabled
[    0.004000] ACPI: Core revision 20170831
[    0.004000] ACPI: 2 ACPI AML tables successfully acquired and loaded
[    0.004000] APIC: Switch to symmetric I/O mode setup
[    0.004000] x2apic enabled
[    0.004000] Switched APIC routing to physical x2apic.
[    0.005252] ..TIMER: vector=0x30 apic1=0 pin1=2 apic2=-1 pin2=-1
[    0.008003] tsc: Detected 1799.999 MHz processor
[    0.012012] Calibrating delay loop (skipped) preset value.. 3599.99 BogoMIPS (lpj=7199996)
[    0.014329] pid_max: default: 32768 minimum: 301
[    0.015668] Security Framework initialized
[    0.016002] Yama: becoming mindful.
[    0.017044] AppArmor: AppArmor initialized
[    0.020056] Dentry cache hash table entries: 131072 (order: 8, 1048576 bytes)
[    0.022275] Inode-cache hash table entries: 65536 (order: 7, 524288 bytes)
[    0.024014] Mount-cache hash table entries: 2048 (order: 2, 16384 bytes)
[    0.025865] Mountpoint-cache hash table entries: 2048 (order: 2, 16384 bytes)
[    0.028277] Last level iTLB entries: 4KB 64, 2MB 8, 4MB 8
[    0.029802] Last level dTLB entries: 4KB 64, 2MB 0, 4MB 0, 1GB 4
[    0.032003] Spectre V1 : Mitigation: usercopy/swapgs barriers and __user pointer sanitization
[    0.034367] Spectre V2 : Mitigation: Full generic retpoline
[    0.036002] Spectre V2 : Spectre v2 / SpectreRSB mitigation: Filling RSB on context switch
[    0.038298] Speculative Store Bypass: Vulnerable
[    0.040049] MDS: Mitigation: Clear CPU buffers
[    0.041467] Freeing SMP alternatives memory: 36K
[    0.152254] APIC calibration not consistent with PM-Timer: 98ms instead of 100ms
[    0.154703] APIC delta adjusted to PM-Timer: 6233667 (6165123)
[    0.156082] smpboot: CPU0: Intel(R) Core(TM) i5-5350U CPU @ 1.80GHz (family: 0x6, model: 0x3d, stepping: 0x4)
[    0.158879] Performance Events: unsupported p6 CPU model 61 no PMU driver, software events only.
[    0.160040] Hierarchical SRCU implementation.
[    0.162036] NMI watchdog: Perf event create on CPU 0 failed with -2
[    0.164003] NMI watchdog: Perf NMI watchdog permanently disabled
[    0.165731] smp: Bringing up secondary CPUs ...
[    0.168095] x86: Booting SMP configuration:
[    0.169580] .... node  #0, CPUs:      #1
[    0.004000] kvm-clock: cpu 1, msr 0:3ff44041, secondary cpu clock
[    0.174948] smp: Brought up 1 node, 2 CPUs
[    0.176007] smpboot: Max logical packages: 1
[    0.177233] smpboot: Total of 2 processors activated (7199.99 BogoMIPS)
[    0.180062] devtmpfs: initialized
[    0.181240] x86/mm: Memory block size: 128MB
[    0.182689] evm: security.selinux
[    0.183699] evm: security.SMACK64
[    0.184005] evm: security.SMACK64EXEC
[    0.185073] evm: security.SMACK64TRANSMUTE
[    0.186245] evm: security.SMACK64MMAP
[    0.187340] evm: security.apparmor
[    0.188004] evm: security.ima
[    0.188935] evm: security.capability
[    0.190288] clocksource: jiffies: mask: 0xffffffff max_cycles: 0xffffffff, max_idle_ns: 7645041785100000 ns
[    0.192015] futex hash table entries: 512 (order: 3, 32768 bytes)
[    0.197695] pinctrl core: initialized pinctrl subsystem
[    0.200145] RTC time:  4:06:08, date: 01/21/20
[    0.201568] NET: Registered protocol family 16
[    0.202948] audit: initializing netlink subsys (disabled)
[    0.204044] audit: type=2000 audit(1579579576.011:1): state=initialized audit_enabled=0 res=1
[    0.206727] cpuidle: using governor ladder
[    0.208010] cpuidle: using governor menu
[    0.209186] ACPI: bus type PCI registered
[    0.210342] acpiphp: ACPI Hot Plug PCI Controller Driver version: 0.5
[    0.212141] PCI: Using configuration type 1 for base access
[    0.216053] HugeTLB registered 2.00 MiB page size, pre-allocated 0 pages
[    0.217921] ACPI: Added _OSI(Module Device)
[    0.217921] ACPI: Added _OSI(Processor Device)
[    0.220004] ACPI: Added _OSI(3.0 _SCP Extensions)
[    0.221334] ACPI: Added _OSI(Processor Aggregator Device)
[    0.224004] ACPI: Added _OSI(Linux-Dell-Video)
[    0.225275] ACPI: Added _OSI(Linux-Lenovo-NV-HDMI-Audio)
[    0.226765] ACPI: Added _OSI(Linux-HPI-Hybrid-Graphics)
[    0.228527] ACPI: Executed 1 blocks of module-level executable AML code
[    0.235502] ACPI: Interpreter enabled
[    0.236014] ACPI: (supports S0 S5)
[    0.237116] ACPI: Using IOAPIC for interrupt routing
[    0.238894] PCI: Using host bridge windows from ACPI; if necessary, use "pci=nocrs" and report a bug
[    0.240270] ACPI: Enabled 2 GPEs in block 00 to 07
[    0.252533] ACPI: PCI Root Bridge [PCI0] (domain 0000 [bus 00-ff])
[    0.254572] acpi PNP0A03:00: _OSC: OS supports [ASPM ClockPM Segments MSI]
[    0.256518] acpi PNP0A03:00: _OSC: not requesting OS control; OS requires [ExtendedConfig ASPM ClockPM MSI]
[    0.259334] acpi PNP0A03:00: fail to add MMCONFIG information, can't access extended PCI configuration space under this bridge.
[    0.260600] PCI host bridge to bus 0000:00
[    0.264005] pci_bus 0000:00: root bus resource [io  0x0000-0x0cf7 window]
[    0.265878] pci_bus 0000:00: root bus resource [io  0x0d00-0xffff window]
[    0.268006] pci_bus 0000:00: root bus resource [mem 0x000a0000-0x000bffff window]
[    0.270117] pci_bus 0000:00: root bus resource [mem 0x40000000-0xfdffffff window]
[    0.272004] pci_bus 0000:00: root bus resource [bus 00-ff]
[    0.278636] pci 0000:00:01.1: legacy IDE quirk: reg 0x10: [io  0x01f0-0x01f7]
[    0.280004] pci 0000:00:01.1: legacy IDE quirk: reg 0x14: [io  0x03f6]
[    0.281809] pci 0000:00:01.1: legacy IDE quirk: reg 0x18: [io  0x0170-0x0177]
[    0.284005] pci 0000:00:01.1: legacy IDE quirk: reg 0x1c: [io  0x0376]
[    0.311380] pci 0000:00:07.0: quirk: [io  0x4000-0x403f] claimed by PIIX4 ACPI
[    0.312028] pci 0000:00:07.0: quirk: [io  0x4100-0x410f] claimed by PIIX4 SMB
[    0.332798] ACPI: PCI Interrupt Link [LNKA] (IRQs 5 9 10 *11)
[    0.335098] ACPI: PCI Interrupt Link [LNKB] (IRQs 5 9 *10 11)
[    0.336172] ACPI: PCI Interrupt Link [LNKC] (IRQs 5 *9 10 11)
[    0.337938] ACPI: PCI Interrupt Link [LNKD] (IRQs 5 9 10 *11)
[    0.340506] SCSI subsystem initialized
[    0.341854] pci 0000:00:02.0: vgaarb: setting as boot VGA device
[    0.341962] pci 0000:00:02.0: vgaarb: VGA device added: decodes=io+mem,owns=io+mem,locks=none
[    0.344013] pci 0000:00:02.0: vgaarb: bridge control possible
[    0.348003] vgaarb: loaded
[    0.349034] ACPI: bus type USB registered
[    0.350299] usbcore: registered new interface driver usbfs
[    0.352018] usbcore: registered new interface driver hub
[    0.353540] usbcore: registered new device driver usb
[    0.356026] EDAC MC: Ver: 3.0.0
[    0.357397] PCI: Using ACPI for IRQ routing
[    0.357749] NetLabel: Initializing
[    0.360003] NetLabel:  domain hash size = 128
[    0.361390] NetLabel:  protocols = UNLABELED CIPSOv4 CALIPSO
[    0.363005] NetLabel:  unlabeled traffic allowed by default
[    0.364131] clocksource: Switched to clocksource kvm-clock
[    0.380386] VFS: Disk quotas dquot_6.6.0
[    0.381869] VFS: Dquot-cache hash table entries: 512 (order 0, 4096 bytes)
[    0.383911] AppArmor: AppArmor Filesystem Enabled
[    0.385314] pnp: PnP ACPI init
[    0.387923] pnp: PnP ACPI: found 3 devices
[    0.399147] clocksource: acpi_pm: mask: 0xffffff max_cycles: 0xffffff, max_idle_ns: 2085701024 ns
[    0.401998] NET: Registered protocol family 2
[    0.403490] TCP established hash table entries: 8192 (order: 4, 65536 bytes)
[    0.405525] TCP bind hash table entries: 8192 (order: 5, 131072 bytes)
[    0.409026] TCP: Hash tables configured (established 8192 bind 8192)
[    0.410899] UDP hash table entries: 512 (order: 2, 16384 bytes)
[    0.412577] UDP-Lite hash table entries: 512 (order: 2, 16384 bytes)
[    0.414359] NET: Registered protocol family 1
[    0.415846] pci 0000:00:00.0: Limiting direct PCI/PCI transfers
[    0.417917] pci 0000:00:01.0: Activating ISA DMA hang workarounds
[    0.420115] pci 0000:00:02.0: Video device with shadowed ROM at [mem 0x000c0000-0x000dffff]
[    0.422590] Unpacking initramfs...
[    0.779606] Freeing initrd memory: 19748K
[    0.781173] clocksource: tsc: mask: 0xffffffffffffffff max_cycles: 0x19f228ab7a2, max_idle_ns: 440795289252 ns
[    0.784135] platform rtc_cmos: registered platform RTC device (no PNP device found)
[    0.786365] Scanning for low memory corruption every 60 seconds
[    0.788701] Initialise system trusted keyrings
[    0.790531] Key type blacklist registered
[    0.791862] workingset: timestamp_bits=36 max_order=18 bucket_order=0
[    0.794988] zbud: loaded
[    0.796351] squashfs: version 4.0 (2009/01/31) Phillip Lougher
[    0.798258] fuse init (API version 7.26)
[    0.802502] Key type asymmetric registered
[    0.803698] Asymmetric key parser 'x509' registered
[    0.805195] Block layer SCSI generic (bsg) driver version 0.4 loaded (major 246)
[    0.807314] io scheduler noop registered
[    0.808503] io scheduler deadline registered
[    0.809770] io scheduler cfq registered (default)
[    0.811724] ACPI: AC Adapter [AC] (on-line)
[    0.813109] input: Power Button as /devices/LNXSYSTM:00/LNXPWRBN:00/input/input0
[    0.815253] ACPI: Power Button [PWRF]
[    0.816484] input: Sleep Button as /devices/LNXSYSTM:00/LNXSLPBN:00/input/input1
[    0.818568] ACPI: Sleep Button [SLPF]
[    0.821468] ACPI: Battery Slot [BAT0] (battery present)
[    0.823877] Serial: 8250/16550 driver, 32 ports, IRQ sharing enabled
[    0.847182] 00:02: ttyS0 at I/O 0x3f8 (irq = 4, base_baud = 115200) is a 16550A
[    0.854377] Linux agpgart interface v0.103
[    0.857727] loop: module loaded
[    0.859483] scsi host0: ata_piix
[    0.860797] scsi host1: ata_piix
[    0.861786] ata1: PATA max UDMA/33 cmd 0x1f0 ctl 0x3f6 bmdma 0xd000 irq 14
[    0.863672] ata2: PATA max UDMA/33 cmd 0x170 ctl 0x376 bmdma 0xd008 irq 15
[    0.865712] libphy: Fixed MDIO Bus: probed
[    0.867048] tun: Universal TUN/TAP device driver, 1.6
[    0.872590] PPP generic driver version 2.4.2
[    0.874474] ehci_hcd: USB 2.0 'Enhanced' Host Controller (EHCI) Driver
[    0.876509] ehci-pci: EHCI PCI platform driver
[    0.877795] ehci-platform: EHCI generic platform driver
[    0.879263] ohci_hcd: USB 1.1 'Open' Host Controller (OHCI) Driver
[    0.881118] ohci-pci: OHCI PCI platform driver
[    0.882404] ohci-platform: OHCI generic platform driver
[    0.883883] uhci_hcd: USB Universal Host Controller Interface driver
[    0.885775] i8042: PNP: PS/2 Controller [PNP0303:PS2K,PNP0f03:PS2M] at 0x60,0x64 irq 1,12
[    0.888543] serio: i8042 KBD port at 0x60,0x64 irq 1
[    0.890267] serio: i8042 AUX port at 0x60,0x64 irq 12
[    0.891980] mousedev: PS/2 mouse device common for all mice
[    0.894645] input: AT Translated Set 2 keyboard as /devices/platform/i8042/serio0/input/input2
[    0.897375] rtc_cmos rtc_cmos: rtc core: registered rtc_cmos as rtc0
[    0.899201] rtc_cmos rtc_cmos: alarms up to one day, 114 bytes nvram
[    0.901244] i2c /dev entries driver
[    0.902321] device-mapper: uevent: version 1.0.3
[    0.903749] device-mapper: ioctl: 4.37.0-ioctl (2017-09-20) initialised: dm-devel@redhat.com
[    0.906283] ledtrig-cpu: registered to indicate activity on CPUs
[    0.908354] NET: Registered protocol family 10
[    0.914939] Segment Routing with IPv6
[    0.916169] NET: Registered protocol family 17
[    0.918204] Key type dns_resolver registered
[    0.920206] mce: Using 0 MCE banks
[    0.921389] RAS: Correctable Errors collector initialized.
[    0.922928] sched_clock: Marking stable (920176313, 0)->(1155691462, -235515149)
[    0.925562] registered taskstats version 1
[    0.926746] Loading compiled-in X.509 certificates
[    0.931004] Loaded X.509 cert 'Build time autogenerated kernel key: 62d24f9c726e026b112735485dad6e6e4b50c923'
[    0.934124] zswap: loaded using pool lzo/zbud
[    0.949258] Key type big_key registered
[    0.950976] Key type trusted registered
[    0.954514] Key type encrypted registered
[    0.955835] AppArmor: AppArmor sha1 policy hashing enabled
[    0.957590] ima: No TPM chip found, activating TPM-bypass! (rc=-19)
[    0.959430] ima: Allocated hash algorithm: sha1
[    0.961049] evm: HMAC attrs: 0x1
[    0.962504]   Magic number: 4:34:111
[    0.963648] rtc_cmos rtc_cmos: setting system clock to 2020-01-21 04:06:09 UTC (1579579569)
[    0.966199] BIOS EDD facility v0.16 2004-Jun-25, 0 devices found
[    0.967880] EDD information not available.
[    1.029613] Freeing unused kernel image memory: 2428K
[    1.055229] Write protecting the kernel read-only data: 20480k
[    1.058538] Freeing unused kernel image memory: 2008K
[    1.060394] Freeing unused kernel image memory: 1884K
[    1.068584] x86/mm: Checked W+X mappings: passed, no W+X pages found.
[    1.070845] x86/mm: Checking user space page tables
[    1.078975] x86/mm: Checked W+X mappings: passed, no W+X pages found.
Loading, please wait...
starting version 237
[    1.155094] e1000: Intel(R) PRO/1000 Network Driver - version 7.3.21-k8-NAPI
[    1.157206] e1000: Copyright (c) 1999-2006 Intel Corporation.
[    1.163999] Fusion MPT base driver 3.04.20
[    1.165334] Copyright (c) 1999-2008 LSI Corporation
[    1.185302] AVX2 version of gcm_enc/dec engaged.
[    1.186695] AES CTR mode by8 optimization enabled
[    1.195052] Fusion MPT SPI Host driver 3.04.20
[    1.216317] vboxvideo: loading out-of-tree module taints kernel.
[    1.219009] vboxvideo: module verification failed: signature and/or required key missing - tainting kernel
[    1.385600] input: ImExPS/2 Generic Explorer Mouse as /devices/platform/i8042/serio1/input/input4
[    1.636348] e1000 0000:00:03.0 eth0: (PCI:33MHz:32-bit) 02:3e:3e:1e:2f:8f
[    1.640061] e1000 0000:00:03.0 eth0: Intel(R) PRO/1000 Network Connection
[    2.094303] e1000 0000:00:08.0 eth1: (PCI:33MHz:32-bit) 08:00:27:e1:69:f5
[    2.096560] e1000 0000:00:08.0 eth1: Intel(R) PRO/1000 Network Connection
[    2.100346] e1000 0000:00:03.0 enp0s3: renamed from eth0
[    2.103705] mptbase: ioc0: Initiating bringup
[    2.113523] e1000 0000:00:08.0 enp0s8: renamed from eth1
[    2.572526] ioc0: LSI53C1030 A0: Capabilities={Initiator}
[    2.949049] scsi host2: ioc0: LSI53C1030 A0, FwRev=00000000h, Ports=1, MaxQ=256, IRQ=20
[    3.574164] scsi 2:0:0:0: Direct-Access     VBOX     HARDDISK         1.0  PQ: 0 ANSI: 5
[    3.577937] [drm] VRAM 01000000
[    3.579303] [TTM] Zone  kernel: Available graphics memory: 504318 kiB
[    3.581211] [TTM] Initializing pool allocator
[    3.582461] [TTM] Initializing DMA pool allocator
[    3.585572] fbcon: vboxdrmfb (fb0) is primary device
[    3.587491] Console: switching to colour frame buffer device 100x37
[    3.591423] vboxvideo 0000:00:02.0: fb0: vboxdrmfb frame buffer device
[    3.604705] scsi target2:0:0: Beginning Domain Validation
[    3.609675] scsi target2:0:0: Domain Validation skipping write tests
[    3.611789] scsi target2:0:0: Ending Domain Validation
[    3.613583] scsi target2:0:0: asynchronous
[    3.615138] scsi 2:0:1:0: Direct-Access     VBOX     HARDDISK         1.0  PQ: 0 ANSI: 5
[    3.616197] [drm] Initialized vboxvideo 1.0.0 20130823 for 0000:00:02.0 on minor 0
[    3.652652] scsi target2:0:1: Beginning Domain Validation
[    3.657394] random: fast init done
[    3.659686] scsi target2:0:1: Domain Validation skipping write tests
[    3.661239] scsi target2:0:1: Ending Domain Validation
[    3.662682] scsi target2:0:1: asynchronous
[    3.668442] random: systemd-udevd: uninitialized urandom read (16 bytes read)
[    3.670665] random: systemd-udevd: uninitialized urandom read (16 bytes read)
[    3.670836] sd 2:0:0:0: Attached scsi generic sg0 type 0
[    3.673415] random: systemd-udevd: uninitialized urandom read (16 bytes read)
[    3.675155] sd 2:0:1:0: Attached scsi generic sg1 type 0
[    3.678104] sd 2:0:0:0: [sda] 20971520 512-byte logical blocks: (10.7 GB/10.0 GiB)
[    3.682247] sd 2:0:0:0: [sda] Write Protect is off
[    3.682272] sd 2:0:1:0: [sdb] 20480 512-byte logical blocks: (10.5 MB/10.0 MiB)
[    3.684429] sd 2:0:0:0: [sda] Incomplete mode parameter data
[    3.688419] sd 2:0:0:0: [sda] Assuming drive cache: write through
[    3.690207] sd 2:0:1:0: [sdb] Write Protect is off
[    3.692726] sd 2:0:1:0: [sdb] Incomplete mode parameter data
[    3.694049]  sda: sda1
[    3.694705] sd 2:0:1:0: [sdb] Assuming drive cache: write through
[    3.698832] sd 2:0:0:0: [sda] Attached SCSI disk
[    3.704862] sd 2:0:1:0: [sdb] Attached SCSI disk
Begin: Loading essential drivers ... [    3.920177] raid6: sse2x1   gen()  3325 MB/s
[    3.968075] raid6: sse2x1   xor()  4673 MB/s
[    4.017456] raid6: sse2x2   gen() 11279 MB/s
[    4.064160] raid6: sse2x2   xor()  6911 MB/s
[    4.114370] raid6: sse2x4   gen() 13784 MB/s
[    4.164648] raid6: sse2x4   xor()  8484 MB/s
[    4.214160] raid6: avx2x1   gen() 19005 MB/s
[    4.260360] raid6: avx2x1   xor() 12350 MB/s
[    4.308238] raid6: avx2x2   gen() 21653 MB/s
[    4.359780] raid6: avx2x2   xor() 13583 MB/s
[    4.408850] raid6: avx2x4   gen() 25270 MB/s
[    4.456050] raid6: avx2x4   xor() 15703 MB/s
[    4.457694] raid6: using algorithm avx2x4 gen() 25270 MB/s
[    4.459402] raid6: .... xor() 15703 MB/s, rmw enabled
[    4.460992] raid6: using avx2x2 recovery algorithm
[    4.463677] xor: automatically using best checksumming function   avx       
[    4.466944] async_tx: api initialized (async)
done.
Begin: Running /scripts/init-premount ... done.
Begin: Mounting root file system ... Begin: Running /scripts/local-top ... done.
Begin: Running /scripts/local-premount ... [    4.519399] Btrfs loaded, crc32c=crc32c-intel
Scanning for Btrfs filesystems
done.
Warning: fsck not present, so skipping root file system
[    4.583038] EXT4-fs (sda1): INFO: recovery required on readonly filesystem
[    4.586194] EXT4-fs (sda1): write access will be enabled during recovery
[    4.941124] EXT4-fs (sda1): recovery complete
[    4.943743] EXT4-fs (sda1): mounted filesystem with ordered data mode. Opts: (null)
done.
Begin: Running /scripts/local-bottom ... done.
Begin: Running /scripts/init-bottom ... done.
[    5.346928] ip_tables: (C) 2000-2006 Netfilter Core Team
[    5.364013] systemd[1]: systemd 237 running in system mode. (+PAM +AUDIT +SELINUX +IMA +APPARMOR +SMACK +SYSVINIT +UTMP +LIBCRYPTSETUP +GCRYPT +GNUTLS +ACL +XZ +LZ4 +SECCOMP +BLKID +ELFUTILS +KMOD -IDN2 +IDN -PCRE2 default-hierarchy=hybrid)
[    5.371467] systemd[1]: Detected virtualization oracle.
[    5.373609] systemd[1]: Detected architecture x86-64.

Welcome to [1mUbuntu 18.04.3 LTS[0m!

[    5.396596] systemd[1]: Set hostname to <ubuntu-bionic>.
[    6.086469] systemd[1]: Reached target Swap.
[[0;32m  OK  [0m] Reached target Swap.
[    6.093101] systemd[1]: Created slice User and Session Slice.
[[0;32m  OK  [0m] Created slice User and Session Slice.
[    6.096939] systemd[1]: Reached target User and Group Name Lookups.
[[0;32m  OK  [0m] Reached target User and Group Name Lookups.
[    6.101750] systemd[1]: Started Forward Password Requests to Wall Directory Watch.
[[0;32m  OK  [0m] Started Forward Password Requests to Wall Directory Watch.
[    6.107389] systemd[1]: Created slice System Slice.
[[0;32m  OK  [0m] Created slice System Slice.
[    6.110729] systemd[1]: Listening on Network Service Netlink Socket.
[[0;32m  OK  [0m] Listening on Network Service Netlink Socket.
[[0;32m  OK  [0m] Created slice system-serial\x2dgetty.slice.
[[0;32m  OK  [0m] Listening on /dev/initctl Compatibility Named Pipe.
[[0;32m  OK  [0m] Listening on Journal Audit Socket.
[[0;32m  OK  [0m] Listening on Journal Socket.
         Mounting Huge Pages File System...
         Starting Set the console keyboard layout...
         Starting Remount Root and Kernel File Systems...
         Starting Load Kernel Modules...
[[0;32m  OK  [0m] Listening on Journal Socket (/dev/log).
[[0;32m  OK  [0m] Listening on udev Control Socket.
         Starting Create list of required st…ce nodes for the current kernel...
[[0;32m  OK  [0m] Listening on LVM2 poll daemon socket.
[    6.184370] EXT4-fs (sda1): re-mounted. Opts: (null)
[[0;32m  OK  [0m] Reached target System Time Synchronized.
[[0;32m  OK  [0m] Reached target Slices.
         Starting Uncomplicated firewall...
         Mounting Kernel Debug File System...
[[0;32m  OK  [0m] Set up automount Arbitrary Executab…rmats File System Automount Point.
[    6.243727] Loading iSCSI transport class v2.0-870.
[    6.255250] iscsi: registered transport (tcp)
[    6.285585] iscsi: registered transport (iser)
[[0;32m  OK  [0m] Listening on LVM2 metadata daemon socket.
[[0;32m  OK  [0m] Listening on udev Kernel Socket.
         Starting udev Coldplug all Devices...
[[0;32m  OK  [0m] Listening on Device-mapper event daemon FIFOs.
         Starting Monitoring of LVM2 mirrors…ng dmeventd or progress polling...
         Mounting POSIX Message Queue File System...
[[0;32m  OK  [0m] Listening on Syslog Socket.
         Starting Journal Service...
[[0;32m  OK  [0m] Mounted Huge Pages File System.
[[0;32m  OK  [0m] Started Remount Root and Kernel File Systems.
[[0;32m  OK  [0m] Started Load Kernel Modules.
[[0;32m  OK  [0m] Started Create list of required sta…vice nodes for the current kernel.
[[0;32m  OK  [0m] Started Uncomplicated firewall.
[[0;32m  OK  [0m] Mounted Kernel Debug File System.
[[0;32m  OK  [0m] Mounted POSIX Message Queue File System.
         Starting Create Static Device Nodes in /dev...
         Starting Apply Kernel Variables...
         Mounting FUSE Control File System...
         Mounting Kernel Configuration File System...
         Starting Load/Save Random Seed...
[[0;32m  OK  [0m] Started Create Static Device Nodes in /dev.
[[0;32m  OK  [0m] Mounted FUSE Control File System.
[[0;32m  OK  [0m] Mounted Kernel Configuration File System.
         Starting udev Kernel Device Manager...
[[0;32m  OK  [0m] Started Journal Service.
         Starting Flush Journal to Persistent Storage...
[[0;32m  OK  [0m] Started Load/Save Random Seed.
[[0;32m  OK  [0m] Started udev Coldplug all Devices.
[[0;32m  OK  [0m] Started Set the console keyboard layout.
[[0;32m  OK  [0m] Started LVM2 metadata daemon.
[[0;32m  OK  [0m] Started Apply Kernel Variables.
[[0;32m  OK  [0m] Started udev Kernel Device Manager.
[[0;32m  OK  [0m] Started Dispatch Password Requests to Console Directory Watch.
[[0;32m  OK  [0m] Reached target Local Encrypted Volumes.
[[0;32m  OK  [0m] Started Monitoring of LVM2 mirrors,…sing dmeventd or progress polling.
[[0;32m  OK  [0m] Reached target Local File Systems (Pre).
[[0;32m  OK  [0m] Reached target Local File Systems.
         Starting Set console font and keymap...
         Starting AppArmor initialization...
         Starting Tell Plymouth To Write Out Runtime Data...
         Starting ebtables ruleset management...
[[0;32m  OK  [0m] Started Set console font and keymap.
[[0;32m  OK  [0m] Started Tell Plymouth To Write Out Runtime Data.
[[0;32m  OK  [0m] Started Flush Journal to Persistent Storage.
         Starting Create Volatile Files and Directories...
[[0;32m  OK  [0m] Started Create Volatile Files and Directories.
         Starting Update UTMP about System Boot/Shutdown...
[[0;32m  OK  [0m] Started Update UTMP about System Boot/Shutdown.
[[0;32m  OK  [0m] Started ebtables ruleset management.
[[0;32m  OK  [0m] Found device /dev/ttyS0.
[[0;32m  OK  [0m] Listening on Load/Save RF Kill Switch Status /dev/rfkill Watch.
[[0;32m  OK  [0m] Started AppArmor initialization.
         Starting Initial cloud-init job (pre-networking)...
[    9.621677] cloud-init[523]: Cloud-init v. 19.3-41-gc4735dd3-0ubuntu1~18.04.1 running 'init-local' at Tue, 21 Jan 2020 04:06:17 +0000. Up 9.33 seconds.
[[0;32m  OK  [0m] Started Initial cloud-init job (pre-networking).
[[0;32m  OK  [0m] Reached target Network (Pre).
         Starting Network Service...
[[0;32m  OK  [0m] Started Network Service.
         Starting Network Name Resolution...
         Starting Wait for Network to be Configured...
[[0;32m  OK  [0m] Started Network Name Resolution.
[[0;32m  OK  [0m] Reached target Host and Network Name Lookups.
[[0;32m  OK  [0m] Reached target Network.
[[0;32m  OK  [0m] Started Wait for Network to be Configured.
         Starting Initial cloud-init job (metadata service crawler)...
[   13.136263] cloud-init[690]: Cloud-init v. 19.3-41-gc4735dd3-0ubuntu1~18.04.1 running 'init' at Tue, 21 Jan 2020 04:06:21 +0000. Up 12.80 seconds.
[   13.141650] cloud-init[690]: ci-info: ++++++++++++++++++++++++++++++++++++++Net device info+++++++++++++++++++++++++++++++++++++++
[   13.146972] cloud-init[690]: ci-info: +--------+------+-----------------------------+---------------+--------+-------------------+
[   13.154448] cloud-init[690]: ci-info: | Device |  Up  |           Address           |      Mask     | Scope  |     Hw-Address    |
[   13.162078] cloud-init[690]: ci-info: +--------+------+-----------------------------+---------------+--------+-------------------+
[   13.167791] cloud-init[690]: ci-info: | enp0s3 | True |          10.0.2.15          | 255.255.255.0 | global | 02:3e:3e:1e:2f:8f |
[   13.173190] cloud-init[690]: ci-info: | enp0s3 | True |  fe80::3e:3eff:fe1e:2f8f/64 |       .       |  link  | 02:3e:3e:1e:2f:8f |
[   13.178351] cloud-init[690]: ci-info: | enp0s8 | True |        192.168.33.10        | 255.255.255.0 | global | 08:00:27:e1:69:f5 |
[   13.183841] cloud-init[690]: ci-info: | enp0s8 | True | fe80::a00:27ff:fee1:69f5/64 |       .       |  link  | 08:00:27:e1:69:f5 |
[   13.201171] cloud-init[690]: ci-info: |   lo   | True |          127.0.0.1          |   255.0.0.0   |  host  |         .         |
[   13.206490] cloud-init[690]: ci-info: |   lo   | True |           ::1/128           |       .       |  host  |         .         |
[   13.211830] cloud-init[690]: ci-info: +--------+------+-----------------------------+---------------+--------+-------------------+
[   13.217733] cloud-init[690]: ci-info: +++++++++++++++++++++++++++++Route IPv4 info+++++++++++++++++++++++++++++
[   13.222092] cloud-init[690]: ci-info: +-------+--------------+----------+-----------------+-----------+-------+
[   13.226317] cloud-init[690]: ci-info: | Route | Destination  | Gateway  |     Genmask     | Interface | Flags |
[   13.229875] cloud-init[690]: ci-info: +-------+--------------+----------+-----------------+-----------+-------+
[   13.233410] cloud-init[690]: ci-info: |   0   |   0.0.0.0    | 10.0.2.2 |     0.0.0.0     |   enp0s3  |   UG  |
[   13.236431] cloud-init[690]: ci-info: |   1   |   10.0.2.0   | 0.0.0.0  |  255.255.255.0  |   enp0s3  |   U   |
[   13.240138] cloud-init[690]: ci-info: |   2   |   10.0.2.2   | 0.0.0.0  | 255.255.255.255 |   enp0s3  |   UH  |
[   13.242614] cloud-init[690]: ci-info: |   3   | 192.168.33.0 | 0.0.0.0  |  255.255.255.0  |   enp0s8  |   U   |
[   13.246087] cloud-init[690]: ci-info: +-------+--------------+----------+-----------------+-----------+-------+
[   13.249695] cloud-init[690]: ci-info: +++++++++++++++++++Route IPv6 info+++++++++++++++++++
[   13.252924] cloud-init[690]: ci-info: +-------+-------------+---------+-----------+-------+
[   13.256373] cloud-init[690]: ci-info: | Route | Destination | Gateway | Interface | Flags |
[   13.259876] cloud-init[690]: ci-info: +-------+-------------+---------+-----------+-------+
[   13.262733] cloud-init[690]: ci-info: |   1   |  fe80::/64  |    ::   |   enp0s8  |   U   |
[   13.265640] cloud-init[690]: ci-info: |   2   |  fe80::/64  |    ::   |   enp0s3  |   U   |
[   13.269063] cloud-init[690]: ci-info: |   4   |    local    |    ::   |   enp0s3  |   U   |
[   13.272652] cloud-init[690]: ci-info: |   5   |    local    |    ::   |   enp0s8  |   U   |
[   13.276024] cloud-init[690]: ci-info: |   6   |   ff00::/8  |    ::   |   enp0s8  |   U   |
[   13.283408] cloud-init[690]: ci-info: |   7   |   ff00::/8  |    ::   |   enp0s3  |   U   |
[   13.294300] cloud-init[690]: ci-info: +-------+-------------+---------+-----------+-------+
[[0;32m  OK  [0m] Started Initial cloud-init job (metadata service crawler).
[[0;32m  OK  [0m] Reached target Cloud-config availability.
[[0;32m  OK  [0m] Reached target System Initialization.
[[0;32m  OK  [0m] Listening on ACPID Listen Socket.
[[0;32m  OK  [0m] Started Daily Cleanup of Temporary Directories.
[[0;32m  OK  [0m] Started Discard unused blocks once a week.
         Starting LXD - unix socket.
[[0;32m  OK  [0m] Listening on D-Bus System Message Bus Socket.
[[0;32m  OK  [0m] Started Daily apt download activities.
         Starting Socket activation for snappy daemon.
[[0;32m  OK  [0m] Started Message of the Day.
[[0;32m  OK  [0m] Listening on Open-iSCSI iscsid Socket.
[[0;32m  OK  [0m] Started ACPI Events Check.
[[0;32m  OK  [0m] Reached target Paths.
[[0;32m  OK  [0m] Listening on UUID daemon activation socket.
[[0;32m  OK  [0m] Started Daily apt upgrade and clean activities.
[[0;32m  OK  [0m] Reached target Timers.
[[0;32m  OK  [0m] Reached target Network is Online.
[[0;32m  OK  [0m] Reached target Remote File Systems (Pre).
[[0;32m  OK  [0m] Reached target Remote File Systems.
         Starting Availability of block devices...
[[0;32m  OK  [0m] Listening on LXD - unix socket.
[[0;32m  OK  [0m] Listening on Socket activation for snappy daemon.
[[0;32m  OK  [0m] Reached target Sockets.
[[0;32m  OK  [0m] Reached target Basic System.
[[0;32m  OK  [0m] Started Regular background program processing daemon.
         Starting Login Service...
         Starting LSB: Record successful boot for GRUB...
         Starting System Logging Service...
         Starting OpenBSD Secure Shell server...
         Starting vboxadd.service...
         Starting Message of the Day...
         Starting LSB: automatic crash report generation...
[[0;32m  OK  [0m] Started D-Bus System Message Bus.
         Starting Accounts Service...
         Starting Dispatcher daemon for systemd-networkd...
         Starting Snappy daemon...
[[0;32m  OK  [0m] Started irqbalance daemon.
[[0;32m  OK  [0m] Started FUSE filesystem for LXC.
         Starting Permit User Sessions...
[[0;32m  OK  [0m] Started Deferred execution scheduler.
         Starting LXD - container startup/shutdown...
[[0;32m  OK  [0m] Started System Logging Service.
[[0;32m  OK  [0m] Started Availability of block devices.
[[0;32m  OK  [0m] Started Login Service.
[[0;32m  OK  [0m] Started OpenBSD Secure Shell server.
[[0;32m  OK  [0m] Started Unattended Upgrades Shutdown.
[[0;32m  OK  [0m] Started Permit User Sessions.
         Starting Terminate Plymouth Boot Screen...
         Starting Hold until boot process finishes up...
[[0;32m  OK  [0m] Started Hold until boot process finishes up.
[[0;32m  OK  [0m] Started Serial Getty on ttyS0.
         Starting Set console scheme...
[[0;32m  OK  [0m] Started Terminate Plymouth Boot Screen.
[[0;32m  OK  [0m] Started Set console scheme.
[[0;32m  OK  [0m] Created slice system-getty.slice.
[[0;32m  OK  [0m] Started Getty on tty1.
[[0;32m  OK  [0m] Reached target Login Prompts.
         Starting Authorization Manager...
[[0;32m  OK  [0m] Started LSB: Record successful boot for GRUB.
[[0;32m  OK  [0m] Started LSB: automatic crash report generation.
[[0;32m  OK  [0m] Started Authorization Manager.
[[0;32m  OK  [0m] Started Accounts Service.
[[0;32m  OK  [0m] Created slice User Slice of vagrant.
         Starting User Manager for UID 1000...
[[0;32m  OK  [0m] Started Session 1 of user vagrant.
[[0;32m  OK  [0m] Started LXD - container startup/shutdown.
[[0;32m  OK  [0m] Started Dispatcher daemon for systemd-networkd.
[[0;32m  OK  [0m] Started User Manager for UID 1000.
[[0;32m  OK  [0m] Started Snappy daemon.
         Starting Wait until snapd is fully seeded...
[[0;32m  OK  [0m] Started Wait until snapd is fully seeded.
         Starting Apply the settings specified in cloud-config...
[   18.118031] cloud-init[1140]: Cloud-init v. 19.3-41-gc4735dd3-0ubuntu1~18.04.1 running 'modules:config' at Tue, 21 Jan 2020 04:06:26 +0000. Up 17.81 seconds.
[[0;32m  OK  [0m] Started Message of the Day.
[[0;32m  OK  [0m] Started Apply the settings specified in cloud-config.
[[0;32m  OK  [0m] Started vboxadd.service.
         Starting vboxadd-service.service...
[[0;32m  OK  [0m] Started vboxadd-service.service.
[[0;32m  OK  [0m] Reached target Multi-User System.
         Starting Execute cloud user/final scripts...
[[0;32m  OK  [0m] Reached target Graphical Interface.
         Starting Update UTMP about System Runlevel Changes...
[[0;32m  OK  [0m] Started Update UTMP about System Runlevel Changes.
[   19.475844] cloud-init[1373]: Cloud-init v. 19.3-41-gc4735dd3-0ubuntu1~18.04.1 running 'modules:final' at Tue, 21 Jan 2020 04:06:27 +0000. Up 19.33 seconds.
[   19.479480] cloud-init[1373]: Cloud-init v. 19.3-41-gc4735dd3-0ubuntu1~18.04.1 finished at Tue, 21 Jan 2020 04:06:28 +0000. Datasource DataSourceNoCloud [seed=/dev/sdb][dsmode=net].  Up 19.46 seconds
[[0;32m  OK  [0m] Started Execute cloud user/final scripts.
         Starting Daily apt download activities...
[[0;32m  OK  [0m] Reached target Cloud-init target.

Ubuntu 18.04.3 LTS ubuntu-bionic ttyS0

ubuntu-bionic login: [[0;32m  OK  [0m] Stopped target Timers.
[[0;32m  OK  [0m] Stopped target Graphical Interface.
         Stopping Authorization Manager...
[[0;32m  OK  [0m] Stopped target Host and Network Name Lookups.
[[0;32m  OK  [0m] Stopped Message of the Day.
[[0;32m  OK  [0m] Stopped Discard unused blocks once a week.
[[0;32m  OK  [0m] Stopped Daily apt upgrade and clean activities.
         Stopping Session 18 of user vagrant.
[[0;32m  OK  [0m] Stopped target Cloud-init target.
[[0;32m  OK  [0m] Stopped Execute cloud user/final scripts.
         Stopping Availability of block devices...
[[0;32m  OK  [0m] Stopped target Multi-User System.
         Stopping vboxadd-service.service...
         Stopping LSB: automatic crash report generation...
         Stopping System Logging Service...
         Stopping OpenBSD Secure Shell server...
         Stopping LSB: Record successful boot for GRUB...
         Stopping Deferred execution scheduler...
         Stopping Accounts Service...
         Stopping Unattended Upgrades Shutdown...
         Stopping LXD - container startup/shutdown...
         Stopping User Manager for UID 1000...
         Stopping Dispatcher daemon for systemd-networkd...

         Stopping Serial Getty on ttyS0...
[[0;32m  OK  [0m] Unmounted /var/lib/lxcfs.
[[0;32m  OK  [0m] Stopped Regular background program processing daemon.
[[0;32m  OK  [0m] Stopped System Logging Service.
[[0;32m  OK  [0m] Stopped Accounts Service.
[[0;32m  OK  [0m] Stopped Dispatcher daemon for systemd-networkd.
[[0;32m  OK  [0m] Stopped irqbalance daemon.
[[0;32m  OK  [0m] Stopped Deferred execution scheduler.
[[0;32m  OK  [0m] Stopped OpenBSD Secure Shell server.
[[0;32m  OK  [0m] Stopped Serial Getty on ttyS0.
[[0;32m  OK  [0m] Stopped Getty on tty1.
[[0;32m  OK  [0m] Stopped Authorization Manager.
[[0;32m  OK  [0m] Stopped User Manager for UID 1000.
[[0;32m  OK  [0m] Stopped D-Bus System Message Bus.
[[0;32m  OK  [0m] Stopped Session 18 of user vagrant.
[[0;32m  OK  [0m] Removed slice User Slice of vagrant.
[[0;32m  OK  [0m] Removed slice system-getty.slice.
         Stopping Permit User Sessions...
[[0;32m  OK  [0m] Removed slice system-serial\x2dgetty.slice.
[[0;32m  OK  [0m] Stopped Unattended Upgrades Shutdown.
[[0;32m  OK  [0m] Stopped Availability of block devices.
[[0;32m  OK  [0m] Stopped LXD - container startup/shutdown.
[[0;32m  OK  [0m] Stopped Permit User Sessions.
[[0;32m  OK  [0m] Stopped FUSE filesystem for LXC.
[[0;32m  OK  [0m] Stopped target Network.
         Stopping Network Name Resolution...
         Stopping Login Service...
[[0;32m  OK  [0m] Stopped Network Name Resolution.
[[0;32m  OK  [0m] Stopped vboxadd-service.service.
[[0;32m  OK  [0m] Stopped LSB: Record successful boot for GRUB.
         Stopping vboxadd.service...
         Stopping Network Service...
[[0;32m  OK  [0m] Stopped LSB: automatic crash report generation.
[[0;32m  OK  [0m] Stopped target Remote File Systems.
[[0;32m  OK  [0m] Stopped target Remote File Systems (Pre).
[[0;32m  OK  [0m] Stopped Login Service.
[[0;32m  OK  [0m] Stopped target User and Group Name Lookups.
[[0;32m  OK  [0m] Stopped Network Service.
[[0;32m  OK  [0m] Stopped target Network (Pre).
[[0;32m  OK  [0m] Unmounted /vagrant.
[[0;32m  OK  [0m] Stopped vboxadd.service.
[[0;32m  OK  [0m] Stopped target Basic System.
[[0;32m  OK  [0m] Stopped target Sockets.
[[0;32m  OK  [0m] Closed LXD - unix socket.
[[0;32m  OK  [0m] Closed Syslog Socket.
[[0;32m  OK  [0m] Closed D-Bus System Message Bus Socket.
[[0;32m  OK  [0m] Closed UUID daemon activation socket.
[[0;32m  OK  [0m] Closed Open-iSCSI iscsid Socket.
[[0;32m  OK  [0m] Closed Socket activation for snappy daemon.
[[0;32m  OK  [0m] Closed ACPID Listen Socket.
[[0;32m  OK  [0m] Stopped target Slices.
[[0;32m  OK  [0m] Removed slice User and Session Slice.
[[0;32m  OK  [0m] Stopped target Paths.
[[0;32m  OK  [0m] Stopped ACPI Events Check.
[[0;32m  OK  [0m] Stopped target System Initialization.
         Stopping Update UTMP about System Boot/Shutdown...
[[0;32m  OK  [0m] Stopped Initial cloud-init job (metadata service crawler).
[[0;32m  OK  [0m] Stopped Initial cloud-init job (pre-networking).
[[0;32m  OK  [0m] Stopped Apply Kernel Variables.
[[0;32m  OK  [0m] Stopped Load Kernel Modules.
         Stopping Load/Save Random Seed...
[[0;32m  OK  [0m] Stopped target Local Encrypted Volumes.
[[0;32m  OK  [0m] Stopped Dispatch Password Requests to Console Directory Watch.
[[0;32m  OK  [0m] Stopped Forward Password Requests to Wall Directory Watch.
[[0;32m  OK  [0m] Stopped Load/Save Random Seed.
[[0;32m  OK  [0m] Stopped Update UTMP about System Boot/Shutdown.
[[0;32m  OK  [0m] Stopped Create Volatile Files and Directories.
[[0;32m  OK  [0m] Stopped target Local File Systems.
         Unmounting /run/user/1000...
[[0;32m  OK  [0m] Unmounted /run/user/1000.
[[0;32m  OK  [0m] Reached target Unmount All Filesystems.
[[0;32m  OK  [0m] Stopped target Local File Systems (Pre).
[[0;32m  OK  [0m] Stopped Remount Root and Kernel File Systems.
         Stopping Monitoring of LVM2 mirrors…ng dmeventd or progress polling...
[[0;32m  OK  [0m] Stopped Create Static Device Nodes in /dev.
[[0;32m  OK  [0m] Stopped target Swap.
[[0;32m  OK  [0m] Reached target Shutdown.
[[0;32m  OK  [0m] Reached target Final Step.
         Starting Power-Off...
[29515.111698] reboot: Power down
